   1              		.cpu cortex-m0
   2              		.arch armv6s-m
   3              		.fpu softvfp
   4              		.eabi_attribute 20, 1
   5              		.eabi_attribute 21, 1
   6              		.eabi_attribute 23, 3
   7              		.eabi_attribute 24, 1
   8              		.eabi_attribute 25, 1
   9              		.eabi_attribute 26, 1
  10              		.eabi_attribute 30, 2
  11              		.eabi_attribute 34, 0
  12              		.eabi_attribute 18, 4
  13              		.file	"stm32f0_hal_nano.c"
  14              		.text
  15              	.Ltext0:
  16              		.cfi_sections	.debug_frame
  17              		.file 1 ".././hal/stm32f0_nano/stm32f0_hal_nano.c"
  18              		.section	.text.platform_init,"ax",%progbits
  19              		.align	1
  20              		.p2align 2,,3
  21              		.global	platform_init
  22              		.syntax unified
  23              		.code	16
  24              		.thumb_func
  26              	platform_init:
  27              	.LFB37:
   1:.././hal/stm32f0_nano/stm32f0_hal_nano.c **** 
   2:.././hal/stm32f0_nano/stm32f0_hal_nano.c **** #include "stm32f0_hal.h"
   3:.././hal/stm32f0_nano/stm32f0_hal_nano.c **** #include "stm32f0_hal_lowlevel.h"
   4:.././hal/stm32f0_nano/stm32f0_hal_nano.c **** #include "stm32f0xx_hal_rcc.h"
   5:.././hal/stm32f0_nano/stm32f0_hal_nano.c **** #include "stm32f0xx_hal_gpio.h"
   6:.././hal/stm32f0_nano/stm32f0_hal_nano.c **** #include "stm32f0xx_hal_dma.h"
   7:.././hal/stm32f0_nano/stm32f0_hal_nano.c **** #include "stm32f0xx_hal_uart.h"
   8:.././hal/stm32f0_nano/stm32f0_hal_nano.c **** #include "stm32f0xx_hal_flash.h"
   9:.././hal/stm32f0_nano/stm32f0_hal_nano.c **** 
  10:.././hal/stm32f0_nano/stm32f0_hal_nano.c **** UART_HandleTypeDef UartHandle;
  11:.././hal/stm32f0_nano/stm32f0_hal_nano.c **** 
  12:.././hal/stm32f0_nano/stm32f0_hal_nano.c **** 
  13:.././hal/stm32f0_nano/stm32f0_hal_nano.c **** void platform_init(void)
  14:.././hal/stm32f0_nano/stm32f0_hal_nano.c **** {
  28              		.loc 1 14 1 view -0
  29              		.cfi_startproc
  30              		@ args = 0, pretend = 0, frame = 88
  31              		@ frame_needed = 0, uses_anonymous_args = 0
  15:.././hal/stm32f0_nano/stm32f0_hal_nano.c ****     /* LEDs */
  16:.././hal/stm32f0_nano/stm32f0_hal_nano.c ****     GPIO_InitTypeDef GpioInit;
  32              		.loc 1 16 5 view .LVU1
  17:.././hal/stm32f0_nano/stm32f0_hal_nano.c **** 	GpioInit.Pin       = GPIO_PIN_2;
  33              		.loc 1 17 2 view .LVU2
  14:.././hal/stm32f0_nano/stm32f0_hal_nano.c ****     /* LEDs */
  34              		.loc 1 14 1 is_stmt 0 view .LVU3
  35 0000 F0B5     		push	{r4, r5, r6, r7, lr}
  36              	.LCFI0:
  37              		.cfi_def_cfa_offset 20
  38              		.cfi_offset 4, -20
  39              		.cfi_offset 5, -16
  40              		.cfi_offset 6, -12
  41              		.cfi_offset 7, -8
  42              		.cfi_offset 14, -4
  18:.././hal/stm32f0_nano/stm32f0_hal_nano.c **** 	GpioInit.Mode      = GPIO_MODE_OUTPUT_PP;
  19:.././hal/stm32f0_nano/stm32f0_hal_nano.c **** 	GpioInit.Pull      = GPIO_NOPULL;
  20:.././hal/stm32f0_nano/stm32f0_hal_nano.c **** 	GpioInit.Speed     = GPIO_SPEED_FREQ_HIGH;
  21:.././hal/stm32f0_nano/stm32f0_hal_nano.c **** 	HAL_GPIO_Init(GPIOA, &GpioInit);
  43              		.loc 1 21 2 view .LVU4
  44 0002 9026     		movs	r6, #144
  19:.././hal/stm32f0_nano/stm32f0_hal_nano.c **** 	GpioInit.Speed     = GPIO_SPEED_FREQ_HIGH;
  45              		.loc 1 19 21 view .LVU5
  46 0004 0024     		movs	r4, #0
  18:.././hal/stm32f0_nano/stm32f0_hal_nano.c **** 	GpioInit.Mode      = GPIO_MODE_OUTPUT_PP;
  47              		.loc 1 18 21 view .LVU6
  48 0006 0125     		movs	r5, #1
  17:.././hal/stm32f0_nano/stm32f0_hal_nano.c **** 	GpioInit.Mode      = GPIO_MODE_OUTPUT_PP;
  49              		.loc 1 17 21 view .LVU7
  50 0008 0423     		movs	r3, #4
  20:.././hal/stm32f0_nano/stm32f0_hal_nano.c **** 	HAL_GPIO_Init(GPIOA, &GpioInit);
  51              		.loc 1 20 21 view .LVU8
  52 000a 0327     		movs	r7, #3
  14:.././hal/stm32f0_nano/stm32f0_hal_nano.c ****     /* LEDs */
  53              		.loc 1 14 1 view .LVU9
  54 000c 97B0     		sub	sp, sp, #92
  55              	.LCFI1:
  56              		.cfi_def_cfa_offset 112
  57              		.loc 1 21 2 view .LVU10
  58 000e F605     		lsls	r6, r6, #23
  59 0010 3000     		movs	r0, r6
  60 0012 05A9     		add	r1, sp, #20
  17:.././hal/stm32f0_nano/stm32f0_hal_nano.c **** 	GpioInit.Mode      = GPIO_MODE_OUTPUT_PP;
  61              		.loc 1 17 21 view .LVU11
  62 0014 0593     		str	r3, [sp, #20]
  18:.././hal/stm32f0_nano/stm32f0_hal_nano.c **** 	GpioInit.Pull      = GPIO_NOPULL;
  63              		.loc 1 18 2 is_stmt 1 view .LVU12
  18:.././hal/stm32f0_nano/stm32f0_hal_nano.c **** 	GpioInit.Pull      = GPIO_NOPULL;
  64              		.loc 1 18 21 is_stmt 0 view .LVU13
  65 0016 0695     		str	r5, [sp, #24]
  19:.././hal/stm32f0_nano/stm32f0_hal_nano.c **** 	GpioInit.Speed     = GPIO_SPEED_FREQ_HIGH;
  66              		.loc 1 19 2 is_stmt 1 view .LVU14
  19:.././hal/stm32f0_nano/stm32f0_hal_nano.c **** 	GpioInit.Speed     = GPIO_SPEED_FREQ_HIGH;
  67              		.loc 1 19 21 is_stmt 0 view .LVU15
  68 0018 0794     		str	r4, [sp, #28]
  20:.././hal/stm32f0_nano/stm32f0_hal_nano.c **** 	HAL_GPIO_Init(GPIOA, &GpioInit);
  69              		.loc 1 20 2 is_stmt 1 view .LVU16
  20:.././hal/stm32f0_nano/stm32f0_hal_nano.c **** 	HAL_GPIO_Init(GPIOA, &GpioInit);
  70              		.loc 1 20 21 is_stmt 0 view .LVU17
  71 001a 0897     		str	r7, [sp, #32]
  72              		.loc 1 21 2 is_stmt 1 view .LVU18
  73 001c FFF7FEFF 		bl	HAL_GPIO_Init
  74              	.LVL0:
  22:.././hal/stm32f0_nano/stm32f0_hal_nano.c ****     
  23:.././hal/stm32f0_nano/stm32f0_hal_nano.c **** 	GpioInit.Pin       = GPIO_PIN_4;
  75              		.loc 1 23 2 view .LVU19
  76              		.loc 1 23 21 is_stmt 0 view .LVU20
  77 0020 1023     		movs	r3, #16
  24:.././hal/stm32f0_nano/stm32f0_hal_nano.c **** 	GpioInit.Mode      = GPIO_MODE_OUTPUT_PP;
  25:.././hal/stm32f0_nano/stm32f0_hal_nano.c **** 	GpioInit.Pull      = GPIO_NOPULL;
  26:.././hal/stm32f0_nano/stm32f0_hal_nano.c **** 	GpioInit.Speed     = GPIO_SPEED_FREQ_HIGH;
  27:.././hal/stm32f0_nano/stm32f0_hal_nano.c **** 	HAL_GPIO_Init(GPIOA, &GpioInit);
  78              		.loc 1 27 2 view .LVU21
  79 0022 05A9     		add	r1, sp, #20
  80 0024 3000     		movs	r0, r6
  23:.././hal/stm32f0_nano/stm32f0_hal_nano.c **** 	GpioInit.Mode      = GPIO_MODE_OUTPUT_PP;
  81              		.loc 1 23 21 view .LVU22
  82 0026 0593     		str	r3, [sp, #20]
  24:.././hal/stm32f0_nano/stm32f0_hal_nano.c **** 	GpioInit.Mode      = GPIO_MODE_OUTPUT_PP;
  83              		.loc 1 24 2 is_stmt 1 view .LVU23
  24:.././hal/stm32f0_nano/stm32f0_hal_nano.c **** 	GpioInit.Mode      = GPIO_MODE_OUTPUT_PP;
  84              		.loc 1 24 21 is_stmt 0 view .LVU24
  85 0028 0695     		str	r5, [sp, #24]
  25:.././hal/stm32f0_nano/stm32f0_hal_nano.c **** 	GpioInit.Speed     = GPIO_SPEED_FREQ_HIGH;
  86              		.loc 1 25 2 is_stmt 1 view .LVU25
  25:.././hal/stm32f0_nano/stm32f0_hal_nano.c **** 	GpioInit.Speed     = GPIO_SPEED_FREQ_HIGH;
  87              		.loc 1 25 21 is_stmt 0 view .LVU26
  88 002a 0794     		str	r4, [sp, #28]
  26:.././hal/stm32f0_nano/stm32f0_hal_nano.c **** 	HAL_GPIO_Init(GPIOA, &GpioInit);
  89              		.loc 1 26 2 is_stmt 1 view .LVU27
  26:.././hal/stm32f0_nano/stm32f0_hal_nano.c **** 	HAL_GPIO_Init(GPIOA, &GpioInit);
  90              		.loc 1 26 21 is_stmt 0 view .LVU28
  91 002c 0897     		str	r7, [sp, #32]
  92              		.loc 1 27 2 is_stmt 1 view .LVU29
  93 002e FFF7FEFF 		bl	HAL_GPIO_Init
  94              	.LVL1:
  28:.././hal/stm32f0_nano/stm32f0_hal_nano.c **** 
  29:.././hal/stm32f0_nano/stm32f0_hal_nano.c **** #ifdef USE_INTERNAL_CLK
  30:.././hal/stm32f0_nano/stm32f0_hal_nano.c ****   RCC_OscInitTypeDef RCC_OscInitStruct;
  31:.././hal/stm32f0_nano/stm32f0_hal_nano.c ****   RCC_OscInitStruct.OscillatorType = RCC_OSCILLATORTYPE_HSI;
  32:.././hal/stm32f0_nano/stm32f0_hal_nano.c ****   RCC_OscInitStruct.HSEState       = RCC_HSE_OFF;
  33:.././hal/stm32f0_nano/stm32f0_hal_nano.c ****   RCC_OscInitStruct.HSIState       = RCC_HSI_ON;
  34:.././hal/stm32f0_nano/stm32f0_hal_nano.c ****   RCC_OscInitStruct.PLL.PLLSource  = RCC_PLL_NONE;
  35:.././hal/stm32f0_nano/stm32f0_hal_nano.c ****   HAL_RCC_OscConfig(&RCC_OscInitStruct);
  36:.././hal/stm32f0_nano/stm32f0_hal_nano.c **** 
  37:.././hal/stm32f0_nano/stm32f0_hal_nano.c ****   RCC_ClkInitTypeDef RCC_ClkInitStruct;
  38:.././hal/stm32f0_nano/stm32f0_hal_nano.c ****   RCC_ClkInitStruct.ClockType      = (RCC_CLOCKTYPE_SYSCLK | RCC_CLOCKTYPE_HCLK | RCC_CLOCKTYPE_PCL
  39:.././hal/stm32f0_nano/stm32f0_hal_nano.c ****   RCC_ClkInitStruct.SYSCLKSource   = RCC_SYSCLKSOURCE_HSI;
  40:.././hal/stm32f0_nano/stm32f0_hal_nano.c ****   RCC_ClkInitStruct.AHBCLKDivider  = RCC_SYSCLK_DIV1;
  41:.././hal/stm32f0_nano/stm32f0_hal_nano.c ****   RCC_ClkInitStruct.APB1CLKDivider = RCC_HCLK_DIV1;
  42:.././hal/stm32f0_nano/stm32f0_hal_nano.c ****   RCC_ClkInitStruct.APB2CLKDivider = RCC_HCLK_DIV1;
  43:.././hal/stm32f0_nano/stm32f0_hal_nano.c ****   uint32_t flash_latency = 0;
  44:.././hal/stm32f0_nano/stm32f0_hal_nano.c ****   HAL_RCC_ClockConfig(&RCC_ClkInitStruct, flash_latency);
  45:.././hal/stm32f0_nano/stm32f0_hal_nano.c **** #else
  46:.././hal/stm32f0_nano/stm32f0_hal_nano.c **** 	RCC_OscInitTypeDef RCC_OscInitStruct;
  95              		.loc 1 46 2 view .LVU30
  47:.././hal/stm32f0_nano/stm32f0_hal_nano.c **** 	RCC_OscInitStruct.OscillatorType = RCC_OSCILLATORTYPE_HSE | RCC_OSCILLATORTYPE_HSI;
  96              		.loc 1 47 2 view .LVU31
  48:.././hal/stm32f0_nano/stm32f0_hal_nano.c **** 	RCC_OscInitStruct.HSEState       = RCC_HSE_BYPASS;
  97              		.loc 1 48 2 view .LVU32
  47:.././hal/stm32f0_nano/stm32f0_hal_nano.c **** 	RCC_OscInitStruct.OscillatorType = RCC_OSCILLATORTYPE_HSE | RCC_OSCILLATORTYPE_HSI;
  98              		.loc 1 47 35 is_stmt 0 view .LVU33
  99 0032 0322     		movs	r2, #3
 100 0034 0523     		movs	r3, #5
  49:.././hal/stm32f0_nano/stm32f0_hal_nano.c **** 	RCC_OscInitStruct.HSIState       = RCC_HSI_OFF;
  50:.././hal/stm32f0_nano/stm32f0_hal_nano.c **** 	RCC_OscInitStruct.PLL.PLLSource  = RCC_PLL_NONE;
  51:.././hal/stm32f0_nano/stm32f0_hal_nano.c **** 	HAL_RCC_OscConfig(&RCC_OscInitStruct);
 101              		.loc 1 51 2 view .LVU34
 102 0036 0AA8     		add	r0, sp, #40
  47:.././hal/stm32f0_nano/stm32f0_hal_nano.c **** 	RCC_OscInitStruct.HSEState       = RCC_HSE_BYPASS;
 103              		.loc 1 47 35 view .LVU35
 104 0038 0A92     		str	r2, [sp, #40]
 105 003a 0B93     		str	r3, [sp, #44]
  49:.././hal/stm32f0_nano/stm32f0_hal_nano.c **** 	RCC_OscInitStruct.HSIState       = RCC_HSI_OFF;
 106              		.loc 1 49 2 is_stmt 1 view .LVU36
  49:.././hal/stm32f0_nano/stm32f0_hal_nano.c **** 	RCC_OscInitStruct.HSIState       = RCC_HSI_OFF;
 107              		.loc 1 49 35 is_stmt 0 view .LVU37
 108 003c 0D94     		str	r4, [sp, #52]
  50:.././hal/stm32f0_nano/stm32f0_hal_nano.c **** 	HAL_RCC_OscConfig(&RCC_OscInitStruct);
 109              		.loc 1 50 2 is_stmt 1 view .LVU38
  50:.././hal/stm32f0_nano/stm32f0_hal_nano.c **** 	HAL_RCC_OscConfig(&RCC_OscInitStruct);
 110              		.loc 1 50 35 is_stmt 0 view .LVU39
 111 003e 1394     		str	r4, [sp, #76]
 112              		.loc 1 51 2 is_stmt 1 view .LVU40
 113 0040 FFF7FEFF 		bl	HAL_RCC_OscConfig
 114              	.LVL2:
  52:.././hal/stm32f0_nano/stm32f0_hal_nano.c **** 
  53:.././hal/stm32f0_nano/stm32f0_hal_nano.c **** 	RCC_ClkInitTypeDef RCC_ClkInitStruct;
 115              		.loc 1 53 2 view .LVU41
  54:.././hal/stm32f0_nano/stm32f0_hal_nano.c **** 	RCC_ClkInitStruct.ClockType      = (RCC_CLOCKTYPE_SYSCLK | RCC_CLOCKTYPE_HCLK | RCC_CLOCKTYPE_PCLK
 116              		.loc 1 54 2 view .LVU42
 117              		.loc 1 54 35 is_stmt 0 view .LVU43
 118 0044 0723     		movs	r3, #7
  55:.././hal/stm32f0_nano/stm32f0_hal_nano.c **** 	RCC_ClkInitStruct.SYSCLKSource   = RCC_SYSCLKSOURCE_HSE;
  56:.././hal/stm32f0_nano/stm32f0_hal_nano.c **** 	RCC_ClkInitStruct.AHBCLKDivider  = RCC_SYSCLK_DIV1;
  57:.././hal/stm32f0_nano/stm32f0_hal_nano.c **** 	RCC_ClkInitStruct.APB1CLKDivider = RCC_HCLK_DIV1;
  58:.././hal/stm32f0_nano/stm32f0_hal_nano.c **** 	HAL_RCC_ClockConfig(&RCC_ClkInitStruct, FLASH_LATENCY_0);
 119              		.loc 1 58 2 view .LVU44
 120 0046 0021     		movs	r1, #0
 121 0048 01A8     		add	r0, sp, #4
  54:.././hal/stm32f0_nano/stm32f0_hal_nano.c **** 	RCC_ClkInitStruct.ClockType      = (RCC_CLOCKTYPE_SYSCLK | RCC_CLOCKTYPE_HCLK | RCC_CLOCKTYPE_PCLK
 122              		.loc 1 54 35 view .LVU45
 123 004a 0193     		str	r3, [sp, #4]
  55:.././hal/stm32f0_nano/stm32f0_hal_nano.c **** 	RCC_ClkInitStruct.SYSCLKSource   = RCC_SYSCLKSOURCE_HSE;
 124              		.loc 1 55 2 is_stmt 1 view .LVU46
  55:.././hal/stm32f0_nano/stm32f0_hal_nano.c **** 	RCC_ClkInitStruct.SYSCLKSource   = RCC_SYSCLKSOURCE_HSE;
 125              		.loc 1 55 35 is_stmt 0 view .LVU47
 126 004c 0295     		str	r5, [sp, #8]
  56:.././hal/stm32f0_nano/stm32f0_hal_nano.c **** 	RCC_ClkInitStruct.APB1CLKDivider = RCC_HCLK_DIV1;
 127              		.loc 1 56 2 is_stmt 1 view .LVU48
  56:.././hal/stm32f0_nano/stm32f0_hal_nano.c **** 	RCC_ClkInitStruct.APB1CLKDivider = RCC_HCLK_DIV1;
 128              		.loc 1 56 35 is_stmt 0 view .LVU49
 129 004e 0394     		str	r4, [sp, #12]
  57:.././hal/stm32f0_nano/stm32f0_hal_nano.c **** 	HAL_RCC_ClockConfig(&RCC_ClkInitStruct, FLASH_LATENCY_0);
 130              		.loc 1 57 2 is_stmt 1 view .LVU50
  57:.././hal/stm32f0_nano/stm32f0_hal_nano.c **** 	HAL_RCC_ClockConfig(&RCC_ClkInitStruct, FLASH_LATENCY_0);
 131              		.loc 1 57 35 is_stmt 0 view .LVU51
 132 0050 0494     		str	r4, [sp, #16]
 133              		.loc 1 58 2 is_stmt 1 view .LVU52
 134 0052 FFF7FEFF 		bl	HAL_RCC_ClockConfig
 135              	.LVL3:
  59:.././hal/stm32f0_nano/stm32f0_hal_nano.c **** #endif
  60:.././hal/stm32f0_nano/stm32f0_hal_nano.c **** }
 136              		.loc 1 60 1 is_stmt 0 view .LVU53
 137 0056 17B0     		add	sp, sp, #92
 138              		@ sp needed
 139 0058 F0BD     		pop	{r4, r5, r6, r7, pc}
 140              		.cfi_endproc
 141              	.LFE37:
 143 005a C046     		.section	.text.init_uart,"ax",%progbits
 144              		.align	1
 145              		.p2align 2,,3
 146              		.global	init_uart
 147              		.syntax unified
 148              		.code	16
 149              		.thumb_func
 151              	init_uart:
 152              	.LFB38:
  61:.././hal/stm32f0_nano/stm32f0_hal_nano.c **** 
  62:.././hal/stm32f0_nano/stm32f0_hal_nano.c **** void init_uart(void)
  63:.././hal/stm32f0_nano/stm32f0_hal_nano.c **** {
 153              		.loc 1 63 1 is_stmt 1 view -0
 154              		.cfi_startproc
 155              		@ args = 0, pretend = 0, frame = 32
 156              		@ frame_needed = 0, uses_anonymous_args = 0
  64:.././hal/stm32f0_nano/stm32f0_hal_nano.c **** 	__HAL_RCC_GPIOA_CLK_ENABLE();
 157              		.loc 1 64 2 view .LVU55
 158              	.LBB2:
 159              		.loc 1 64 2 view .LVU56
 160              		.loc 1 64 2 view .LVU57
 161 0000 8022     		movs	r2, #128
 162              	.LBE2:
  63:.././hal/stm32f0_nano/stm32f0_hal_nano.c **** 	__HAL_RCC_GPIOA_CLK_ENABLE();
 163              		.loc 1 63 1 is_stmt 0 view .LVU58
 164 0002 30B5     		push	{r4, r5, lr}
 165              	.LCFI2:
 166              		.cfi_def_cfa_offset 12
 167              		.cfi_offset 4, -12
 168              		.cfi_offset 5, -8
 169              		.cfi_offset 14, -4
 170              	.LBB3:
 171              		.loc 1 64 2 view .LVU59
 172 0004 1C4C     		ldr	r4, .L4
 173 0006 9202     		lsls	r2, r2, #10
 174 0008 6369     		ldr	r3, [r4, #20]
 175              	.LBE3:
  63:.././hal/stm32f0_nano/stm32f0_hal_nano.c **** 	__HAL_RCC_GPIOA_CLK_ENABLE();
 176              		.loc 1 63 1 view .LVU60
 177 000a 89B0     		sub	sp, sp, #36
 178              	.LCFI3:
 179              		.cfi_def_cfa_offset 48
 180              	.LBB4:
 181              		.loc 1 64 2 view .LVU61
 182 000c 1343     		orrs	r3, r2
 183 000e 6361     		str	r3, [r4, #20]
 184              		.loc 1 64 2 is_stmt 1 view .LVU62
 185 0010 6369     		ldr	r3, [r4, #20]
 186              	.LBE4:
  65:.././hal/stm32f0_nano/stm32f0_hal_nano.c **** 	GPIO_InitTypeDef GpioInit;
  66:.././hal/stm32f0_nano/stm32f0_hal_nano.c **** 	GpioInit.Pin       = GPIO_PIN_9 | GPIO_PIN_10;
  67:.././hal/stm32f0_nano/stm32f0_hal_nano.c **** 	GpioInit.Mode      = GPIO_MODE_AF_PP;
  68:.././hal/stm32f0_nano/stm32f0_hal_nano.c **** 	GpioInit.Pull      = GPIO_PULLUP;
  69:.././hal/stm32f0_nano/stm32f0_hal_nano.c **** 	GpioInit.Speed     = GPIO_SPEED_FREQ_HIGH;
  70:.././hal/stm32f0_nano/stm32f0_hal_nano.c **** 	GpioInit.Alternate = GPIO_AF1_USART1;
  71:.././hal/stm32f0_nano/stm32f0_hal_nano.c **** 	HAL_GPIO_Init(GPIOA, &GpioInit);
 187              		.loc 1 71 2 is_stmt 0 view .LVU63
 188 0012 9020     		movs	r0, #144
 189              	.LBB5:
  64:.././hal/stm32f0_nano/stm32f0_hal_nano.c **** 	GPIO_InitTypeDef GpioInit;
 190              		.loc 1 64 2 view .LVU64
 191 0014 1340     		ands	r3, r2
 192 0016 0093     		str	r3, [sp]
  64:.././hal/stm32f0_nano/stm32f0_hal_nano.c **** 	GPIO_InitTypeDef GpioInit;
 193              		.loc 1 64 2 is_stmt 1 view .LVU65
 194              	.LBE5:
  66:.././hal/stm32f0_nano/stm32f0_hal_nano.c **** 	GpioInit.Mode      = GPIO_MODE_AF_PP;
 195              		.loc 1 66 21 is_stmt 0 view .LVU66
 196 0018 C022     		movs	r2, #192
 197              	.LBB6:
  64:.././hal/stm32f0_nano/stm32f0_hal_nano.c **** 	GPIO_InitTypeDef GpioInit;
 198              		.loc 1 64 2 view .LVU67
 199 001a 009B     		ldr	r3, [sp]
 200              	.LBE6:
  64:.././hal/stm32f0_nano/stm32f0_hal_nano.c **** 	GPIO_InitTypeDef GpioInit;
 201              		.loc 1 64 2 is_stmt 1 view .LVU68
  65:.././hal/stm32f0_nano/stm32f0_hal_nano.c **** 	GPIO_InitTypeDef GpioInit;
 202              		.loc 1 65 2 view .LVU69
  66:.././hal/stm32f0_nano/stm32f0_hal_nano.c **** 	GpioInit.Mode      = GPIO_MODE_AF_PP;
 203              		.loc 1 66 2 view .LVU70
  67:.././hal/stm32f0_nano/stm32f0_hal_nano.c **** 	GpioInit.Pull      = GPIO_PULLUP;
 204              		.loc 1 67 2 view .LVU71
  68:.././hal/stm32f0_nano/stm32f0_hal_nano.c **** 	GpioInit.Speed     = GPIO_SPEED_FREQ_HIGH;
 205              		.loc 1 68 2 view .LVU72
  69:.././hal/stm32f0_nano/stm32f0_hal_nano.c **** 	GpioInit.Alternate = GPIO_AF1_USART1;
 206              		.loc 1 69 2 view .LVU73
  66:.././hal/stm32f0_nano/stm32f0_hal_nano.c **** 	GpioInit.Mode      = GPIO_MODE_AF_PP;
 207              		.loc 1 66 21 is_stmt 0 view .LVU74
 208 001c 0223     		movs	r3, #2
 209 001e D200     		lsls	r2, r2, #3
 210 0020 0292     		str	r2, [sp, #8]
 211 0022 0393     		str	r3, [sp, #12]
  70:.././hal/stm32f0_nano/stm32f0_hal_nano.c **** 	HAL_GPIO_Init(GPIOA, &GpioInit);
 212              		.loc 1 70 21 view .LVU75
 213 0024 0125     		movs	r5, #1
  66:.././hal/stm32f0_nano/stm32f0_hal_nano.c **** 	GpioInit.Mode      = GPIO_MODE_AF_PP;
 214              		.loc 1 66 21 view .LVU76
 215 0026 0122     		movs	r2, #1
 216 0028 0323     		movs	r3, #3
 217              		.loc 1 71 2 view .LVU77
 218 002a 02A9     		add	r1, sp, #8
 219 002c C005     		lsls	r0, r0, #23
  66:.././hal/stm32f0_nano/stm32f0_hal_nano.c **** 	GpioInit.Mode      = GPIO_MODE_AF_PP;
 220              		.loc 1 66 21 view .LVU78
 221 002e 0492     		str	r2, [sp, #16]
 222 0030 0593     		str	r3, [sp, #20]
  70:.././hal/stm32f0_nano/stm32f0_hal_nano.c **** 	HAL_GPIO_Init(GPIOA, &GpioInit);
 223              		.loc 1 70 2 is_stmt 1 view .LVU79
  70:.././hal/stm32f0_nano/stm32f0_hal_nano.c **** 	HAL_GPIO_Init(GPIOA, &GpioInit);
 224              		.loc 1 70 21 is_stmt 0 view .LVU80
 225 0032 0695     		str	r5, [sp, #24]
 226              		.loc 1 71 2 is_stmt 1 view .LVU81
 227 0034 FFF7FEFF 		bl	HAL_GPIO_Init
 228              	.LVL4:
  72:.././hal/stm32f0_nano/stm32f0_hal_nano.c **** 
  73:.././hal/stm32f0_nano/stm32f0_hal_nano.c **** 	__HAL_RCC_USART1_CLK_ENABLE();
 229              		.loc 1 73 2 view .LVU82
 230              	.LBB7:
 231              		.loc 1 73 2 view .LVU83
 232              		.loc 1 73 2 view .LVU84
 233 0038 8022     		movs	r2, #128
 234 003a A369     		ldr	r3, [r4, #24]
 235 003c D201     		lsls	r2, r2, #7
 236 003e 1343     		orrs	r3, r2
 237 0040 A361     		str	r3, [r4, #24]
 238              		.loc 1 73 2 view .LVU85
 239 0042 A369     		ldr	r3, [r4, #24]
 240              	.LBE7:
  74:.././hal/stm32f0_nano/stm32f0_hal_nano.c **** 	__HAL_RCC_USART1_CONFIG(RCC_USART1CLKSOURCE_SYSCLK);
  75:.././hal/stm32f0_nano/stm32f0_hal_nano.c **** 	UartHandle.Instance        = USART1;
 241              		.loc 1 75 29 is_stmt 0 view .LVU86
 242 0044 0D48     		ldr	r0, .L4+4
 243              	.LBB8:
  73:.././hal/stm32f0_nano/stm32f0_hal_nano.c **** 	__HAL_RCC_USART1_CONFIG(RCC_USART1CLKSOURCE_SYSCLK);
 244              		.loc 1 73 2 view .LVU87
 245 0046 1340     		ands	r3, r2
 246              	.LBE8:
  74:.././hal/stm32f0_nano/stm32f0_hal_nano.c **** 	__HAL_RCC_USART1_CONFIG(RCC_USART1CLKSOURCE_SYSCLK);
 247              		.loc 1 74 2 view .LVU88
 248 0048 0322     		movs	r2, #3
 249              	.LBB9:
  73:.././hal/stm32f0_nano/stm32f0_hal_nano.c **** 	__HAL_RCC_USART1_CONFIG(RCC_USART1CLKSOURCE_SYSCLK);
 250              		.loc 1 73 2 view .LVU89
 251 004a 0193     		str	r3, [sp, #4]
  73:.././hal/stm32f0_nano/stm32f0_hal_nano.c **** 	__HAL_RCC_USART1_CONFIG(RCC_USART1CLKSOURCE_SYSCLK);
 252              		.loc 1 73 2 is_stmt 1 view .LVU90
 253 004c 019B     		ldr	r3, [sp, #4]
 254              	.LBE9:
  73:.././hal/stm32f0_nano/stm32f0_hal_nano.c **** 	__HAL_RCC_USART1_CONFIG(RCC_USART1CLKSOURCE_SYSCLK);
 255              		.loc 1 73 2 view .LVU91
  74:.././hal/stm32f0_nano/stm32f0_hal_nano.c **** 	__HAL_RCC_USART1_CONFIG(RCC_USART1CLKSOURCE_SYSCLK);
 256              		.loc 1 74 2 view .LVU92
 257 004e 236B     		ldr	r3, [r4, #48]
 258 0050 9343     		bics	r3, r2
 259 0052 2B43     		orrs	r3, r5
 260 0054 2363     		str	r3, [r4, #48]
 261              		.loc 1 75 2 view .LVU93
 262              		.loc 1 75 29 is_stmt 0 view .LVU94
 263 0056 0A4B     		ldr	r3, .L4+8
 264 0058 0360     		str	r3, [r0]
  76:.././hal/stm32f0_nano/stm32f0_hal_nano.c ****   #if SS_VER==SS_VER_2_1
  77:.././hal/stm32f0_nano/stm32f0_hal_nano.c ****   UartHandle.Init.BaudRate   = 230400;
 265              		.loc 1 77 3 is_stmt 1 view .LVU95
 266              		.loc 1 77 30 is_stmt 0 view .LVU96
 267 005a E123     		movs	r3, #225
 268 005c 9B02     		lsls	r3, r3, #10
 269 005e 4360     		str	r3, [r0, #4]
  78:.././hal/stm32f0_nano/stm32f0_hal_nano.c ****   #else
  79:.././hal/stm32f0_nano/stm32f0_hal_nano.c ****   UartHandle.Init.BaudRate   = 38400;
  80:.././hal/stm32f0_nano/stm32f0_hal_nano.c ****   #endif
  81:.././hal/stm32f0_nano/stm32f0_hal_nano.c **** 	UartHandle.Init.WordLength = UART_WORDLENGTH_8B;
 270              		.loc 1 81 2 is_stmt 1 view .LVU97
 271              		.loc 1 81 29 is_stmt 0 view .LVU98
 272 0060 0023     		movs	r3, #0
 273 0062 8360     		str	r3, [r0, #8]
  82:.././hal/stm32f0_nano/stm32f0_hal_nano.c **** 	UartHandle.Init.StopBits   = UART_STOPBITS_1;
 274              		.loc 1 82 2 is_stmt 1 view .LVU99
 275              		.loc 1 82 29 is_stmt 0 view .LVU100
 276 0064 C360     		str	r3, [r0, #12]
  83:.././hal/stm32f0_nano/stm32f0_hal_nano.c **** 	UartHandle.Init.Parity     = UART_PARITY_NONE;
 277              		.loc 1 83 2 is_stmt 1 view .LVU101
 278              		.loc 1 83 29 is_stmt 0 view .LVU102
 279 0066 0361     		str	r3, [r0, #16]
  84:.././hal/stm32f0_nano/stm32f0_hal_nano.c **** 	UartHandle.Init.HwFlowCtl  = UART_HWCONTROL_NONE;
 280              		.loc 1 84 2 is_stmt 1 view .LVU103
 281              		.loc 1 84 29 is_stmt 0 view .LVU104
 282 0068 8361     		str	r3, [r0, #24]
  85:.././hal/stm32f0_nano/stm32f0_hal_nano.c **** 	UartHandle.Init.Mode       = UART_MODE_TX_RX;
 283              		.loc 1 85 2 is_stmt 1 view .LVU105
 284              		.loc 1 85 29 is_stmt 0 view .LVU106
 285 006a 0C33     		adds	r3, r3, #12
 286 006c 4361     		str	r3, [r0, #20]
  86:.././hal/stm32f0_nano/stm32f0_hal_nano.c **** 	HAL_UART_Init(&UartHandle);
 287              		.loc 1 86 2 is_stmt 1 view .LVU107
 288 006e FFF7FEFF 		bl	HAL_UART_Init
 289              	.LVL5:
  87:.././hal/stm32f0_nano/stm32f0_hal_nano.c **** }
 290              		.loc 1 87 1 is_stmt 0 view .LVU108
 291 0072 09B0     		add	sp, sp, #36
 292              		@ sp needed
 293 0074 30BD     		pop	{r4, r5, pc}
 294              	.L5:
 295 0076 C046     		.align	2
 296              	.L4:
 297 0078 00100240 		.word	1073876992
 298 007c 00000000 		.word	.LANCHOR0
 299 0080 00380140 		.word	1073821696
 300              		.cfi_endproc
 301              	.LFE38:
 303              		.section	.text.trigger_setup,"ax",%progbits
 304              		.align	1
 305              		.p2align 2,,3
 306              		.global	trigger_setup
 307              		.syntax unified
 308              		.code	16
 309              		.thumb_func
 311              	trigger_setup:
 312              	.LFB39:
  88:.././hal/stm32f0_nano/stm32f0_hal_nano.c **** 
  89:.././hal/stm32f0_nano/stm32f0_hal_nano.c **** void trigger_setup(void)
  90:.././hal/stm32f0_nano/stm32f0_hal_nano.c **** {
 313              		.loc 1 90 1 is_stmt 1 view -0
 314              		.cfi_startproc
 315              		@ args = 0, pretend = 0, frame = 32
 316              		@ frame_needed = 0, uses_anonymous_args = 0
  91:.././hal/stm32f0_nano/stm32f0_hal_nano.c **** 	__HAL_RCC_GPIOA_CLK_ENABLE();
 317              		.loc 1 91 2 view .LVU110
 318              	.LBB10:
 319              		.loc 1 91 2 view .LVU111
 320              		.loc 1 91 2 view .LVU112
 321 0000 8021     		movs	r1, #128
 322 0002 1F4B     		ldr	r3, .L7
 323              	.LBE10:
  90:.././hal/stm32f0_nano/stm32f0_hal_nano.c **** 	__HAL_RCC_GPIOA_CLK_ENABLE();
 324              		.loc 1 90 1 is_stmt 0 view .LVU113
 325 0004 D0B5     		push	{r4, r6, r7, lr}
 326              	.LCFI4:
 327              		.cfi_def_cfa_offset 16
 328              		.cfi_offset 4, -16
 329              		.cfi_offset 6, -12
 330              		.cfi_offset 7, -8
 331              		.cfi_offset 14, -4
 332              	.LBB11:
 333              		.loc 1 91 2 view .LVU114
 334 0006 5A69     		ldr	r2, [r3, #20]
 335 0008 8902     		lsls	r1, r1, #10
 336 000a 0A43     		orrs	r2, r1
 337 000c 5A61     		str	r2, [r3, #20]
 338              		.loc 1 91 2 is_stmt 1 view .LVU115
 339 000e 5B69     		ldr	r3, [r3, #20]
 340              	.LBE11:
  90:.././hal/stm32f0_nano/stm32f0_hal_nano.c **** 	__HAL_RCC_GPIOA_CLK_ENABLE();
 341              		.loc 1 90 1 is_stmt 0 view .LVU116
 342 0010 88B0     		sub	sp, sp, #32
 343              	.LCFI5:
 344              		.cfi_def_cfa_offset 48
 345              	.LBB12:
 346              		.loc 1 91 2 view .LVU117
 347 0012 0B40     		ands	r3, r1
 348              	.LBE12:
  92:.././hal/stm32f0_nano/stm32f0_hal_nano.c **** 	
  93:.././hal/stm32f0_nano/stm32f0_hal_nano.c **** 	GPIO_InitTypeDef GpioInit;
  94:.././hal/stm32f0_nano/stm32f0_hal_nano.c **** 	GpioInit.Pin       = GPIO_PIN_7;
  95:.././hal/stm32f0_nano/stm32f0_hal_nano.c **** 	GpioInit.Mode      = GPIO_MODE_OUTPUT_PP;
  96:.././hal/stm32f0_nano/stm32f0_hal_nano.c **** 	GpioInit.Pull      = GPIO_NOPULL;
  97:.././hal/stm32f0_nano/stm32f0_hal_nano.c **** 	GpioInit.Speed     = GPIO_SPEED_FREQ_HIGH;
  98:.././hal/stm32f0_nano/stm32f0_hal_nano.c **** 	HAL_GPIO_Init(GPIOA, &GpioInit);
 349              		.loc 1 98 2 view .LVU118
 350 0014 9024     		movs	r4, #144
 351              	.LBB13:
  91:.././hal/stm32f0_nano/stm32f0_hal_nano.c **** 	
 352              		.loc 1 91 2 view .LVU119
 353 0016 0193     		str	r3, [sp, #4]
  91:.././hal/stm32f0_nano/stm32f0_hal_nano.c **** 	
 354              		.loc 1 91 2 is_stmt 1 view .LVU120
 355              	.LBE13:
  94:.././hal/stm32f0_nano/stm32f0_hal_nano.c **** 	GpioInit.Mode      = GPIO_MODE_OUTPUT_PP;
 356              		.loc 1 94 21 is_stmt 0 view .LVU121
 357 0018 0026     		movs	r6, #0
 358 001a 0327     		movs	r7, #3
 359 001c 8022     		movs	r2, #128
 360              	.LBB14:
  91:.././hal/stm32f0_nano/stm32f0_hal_nano.c **** 	
 361              		.loc 1 91 2 view .LVU122
 362 001e 019B     		ldr	r3, [sp, #4]
 363              	.LBE14:
  91:.././hal/stm32f0_nano/stm32f0_hal_nano.c **** 	
 364              		.loc 1 91 2 is_stmt 1 view .LVU123
  93:.././hal/stm32f0_nano/stm32f0_hal_nano.c **** 	GpioInit.Pin       = GPIO_PIN_7;
 365              		.loc 1 93 2 view .LVU124
  94:.././hal/stm32f0_nano/stm32f0_hal_nano.c **** 	GpioInit.Mode      = GPIO_MODE_OUTPUT_PP;
 366              		.loc 1 94 2 view .LVU125
  95:.././hal/stm32f0_nano/stm32f0_hal_nano.c **** 	GpioInit.Pull      = GPIO_NOPULL;
 367              		.loc 1 95 2 view .LVU126
  96:.././hal/stm32f0_nano/stm32f0_hal_nano.c **** 	GpioInit.Speed     = GPIO_SPEED_FREQ_HIGH;
 368              		.loc 1 96 2 view .LVU127
  97:.././hal/stm32f0_nano/stm32f0_hal_nano.c **** 	HAL_GPIO_Init(GPIOA, &GpioInit);
 369              		.loc 1 97 2 view .LVU128
  94:.././hal/stm32f0_nano/stm32f0_hal_nano.c **** 	GpioInit.Mode      = GPIO_MODE_OUTPUT_PP;
 370              		.loc 1 94 21 is_stmt 0 view .LVU129
 371 0020 0123     		movs	r3, #1
 372              		.loc 1 98 2 view .LVU130
 373 0022 E405     		lsls	r4, r4, #23
 374 0024 2000     		movs	r0, r4
 375 0026 02A9     		add	r1, sp, #8
  94:.././hal/stm32f0_nano/stm32f0_hal_nano.c **** 	GpioInit.Mode      = GPIO_MODE_OUTPUT_PP;
 376              		.loc 1 94 21 view .LVU131
 377 0028 0292     		str	r2, [sp, #8]
 378 002a 0393     		str	r3, [sp, #12]
 379 002c 0496     		str	r6, [sp, #16]
 380 002e 0597     		str	r7, [sp, #20]
 381              		.loc 1 98 2 is_stmt 1 view .LVU132
 382 0030 FFF7FEFF 		bl	HAL_GPIO_Init
 383              	.LVL6:
  99:.././hal/stm32f0_nano/stm32f0_hal_nano.c **** 
 100:.././hal/stm32f0_nano/stm32f0_hal_nano.c **** 	GpioInit.Pin       = GPIO_PIN_4;
 384              		.loc 1 100 2 view .LVU133
 101:.././hal/stm32f0_nano/stm32f0_hal_nano.c **** 	GpioInit.Mode      = GPIO_MODE_OUTPUT_PP;
 385              		.loc 1 101 2 view .LVU134
 102:.././hal/stm32f0_nano/stm32f0_hal_nano.c **** 	GpioInit.Pull      = GPIO_NOPULL;
 386              		.loc 1 102 2 view .LVU135
 103:.././hal/stm32f0_nano/stm32f0_hal_nano.c **** 	GpioInit.Speed     = GPIO_SPEED_FREQ_HIGH;
 387              		.loc 1 103 2 view .LVU136
 100:.././hal/stm32f0_nano/stm32f0_hal_nano.c **** 	GpioInit.Mode      = GPIO_MODE_OUTPUT_PP;
 388              		.loc 1 100 21 is_stmt 0 view .LVU137
 389 0034 1022     		movs	r2, #16
 390 0036 0123     		movs	r3, #1
 104:.././hal/stm32f0_nano/stm32f0_hal_nano.c **** 	HAL_GPIO_Init(GPIOA, &GpioInit);
 391              		.loc 1 104 2 view .LVU138
 392 0038 2000     		movs	r0, r4
 393 003a 02A9     		add	r1, sp, #8
 100:.././hal/stm32f0_nano/stm32f0_hal_nano.c **** 	GpioInit.Mode      = GPIO_MODE_OUTPUT_PP;
 394              		.loc 1 100 21 view .LVU139
 395 003c 0292     		str	r2, [sp, #8]
 396 003e 0393     		str	r3, [sp, #12]
 397 0040 0496     		str	r6, [sp, #16]
 398 0042 0597     		str	r7, [sp, #20]
 399              		.loc 1 104 2 is_stmt 1 view .LVU140
 400 0044 FFF7FEFF 		bl	HAL_GPIO_Init
 401              	.LVL7:
 105:.././hal/stm32f0_nano/stm32f0_hal_nano.c **** 
 106:.././hal/stm32f0_nano/stm32f0_hal_nano.c **** 	GpioInit.Pin       = GPIO_PIN_2;
 402              		.loc 1 106 2 view .LVU141
 107:.././hal/stm32f0_nano/stm32f0_hal_nano.c **** 	GpioInit.Mode      = GPIO_MODE_OUTPUT_PP;
 403              		.loc 1 107 2 view .LVU142
 108:.././hal/stm32f0_nano/stm32f0_hal_nano.c **** 	GpioInit.Pull      = GPIO_NOPULL;
 404              		.loc 1 108 2 view .LVU143
 109:.././hal/stm32f0_nano/stm32f0_hal_nano.c **** 	GpioInit.Speed     = GPIO_SPEED_FREQ_HIGH;
 405              		.loc 1 109 2 view .LVU144
 106:.././hal/stm32f0_nano/stm32f0_hal_nano.c **** 	GpioInit.Mode      = GPIO_MODE_OUTPUT_PP;
 406              		.loc 1 106 21 is_stmt 0 view .LVU145
 407 0048 0123     		movs	r3, #1
 408 004a 0422     		movs	r2, #4
 110:.././hal/stm32f0_nano/stm32f0_hal_nano.c **** 	HAL_GPIO_Init(GPIOA, &GpioInit);
 409              		.loc 1 110 2 view .LVU146
 410 004c 2000     		movs	r0, r4
 411 004e 02A9     		add	r1, sp, #8
 106:.././hal/stm32f0_nano/stm32f0_hal_nano.c **** 	GpioInit.Mode      = GPIO_MODE_OUTPUT_PP;
 412              		.loc 1 106 21 view .LVU147
 413 0050 0292     		str	r2, [sp, #8]
 414 0052 0393     		str	r3, [sp, #12]
 415 0054 0496     		str	r6, [sp, #16]
 416 0056 0597     		str	r7, [sp, #20]
 417              		.loc 1 110 2 is_stmt 1 view .LVU148
 418 0058 FFF7FEFF 		bl	HAL_GPIO_Init
 419              	.LVL8:
 111:.././hal/stm32f0_nano/stm32f0_hal_nano.c **** 	
 112:.././hal/stm32f0_nano/stm32f0_hal_nano.c **** 	HAL_GPIO_WritePin(GPIOA, GPIO_PIN_7, RESET);
 420              		.loc 1 112 2 view .LVU149
 421 005c 2000     		movs	r0, r4
 422 005e 0022     		movs	r2, #0
 423 0060 8021     		movs	r1, #128
 424 0062 FFF7FEFF 		bl	HAL_GPIO_WritePin
 425              	.LVL9:
 113:.././hal/stm32f0_nano/stm32f0_hal_nano.c **** 	HAL_GPIO_WritePin(GPIOA, GPIO_PIN_4, SET);
 426              		.loc 1 113 2 view .LVU150
 427 0066 2000     		movs	r0, r4
 428 0068 0122     		movs	r2, #1
 429 006a 1021     		movs	r1, #16
 430 006c FFF7FEFF 		bl	HAL_GPIO_WritePin
 431              	.LVL10:
 114:.././hal/stm32f0_nano/stm32f0_hal_nano.c **** 	HAL_GPIO_WritePin(GPIOA, GPIO_PIN_2, SET);
 432              		.loc 1 114 2 view .LVU151
 433 0070 0122     		movs	r2, #1
 434 0072 0421     		movs	r1, #4
 435 0074 2000     		movs	r0, r4
 436 0076 FFF7FEFF 		bl	HAL_GPIO_WritePin
 437              	.LVL11:
 115:.././hal/stm32f0_nano/stm32f0_hal_nano.c **** }
 438              		.loc 1 115 1 is_stmt 0 view .LVU152
 439 007a 08B0     		add	sp, sp, #32
 440              		@ sp needed
 441 007c D0BD     		pop	{r4, r6, r7, pc}
 442              	.L8:
 443 007e C046     		.align	2
 444              	.L7:
 445 0080 00100240 		.word	1073876992
 446              		.cfi_endproc
 447              	.LFE39:
 449              		.section	.text.trigger_high,"ax",%progbits
 450              		.align	1
 451              		.p2align 2,,3
 452              		.global	trigger_high
 453              		.syntax unified
 454              		.code	16
 455              		.thumb_func
 457              	trigger_high:
 458              	.LFB40:
 116:.././hal/stm32f0_nano/stm32f0_hal_nano.c **** 
 117:.././hal/stm32f0_nano/stm32f0_hal_nano.c **** void trigger_high(void)
 118:.././hal/stm32f0_nano/stm32f0_hal_nano.c **** {
 459              		.loc 1 118 1 is_stmt 1 view -0
 460              		.cfi_startproc
 461              		@ args = 0, pretend = 0, frame = 0
 462              		@ frame_needed = 0, uses_anonymous_args = 0
 119:.././hal/stm32f0_nano/stm32f0_hal_nano.c **** 	HAL_GPIO_WritePin(GPIOA, GPIO_PIN_7, SET);
 463              		.loc 1 119 2 view .LVU154
 464 0000 9020     		movs	r0, #144
 118:.././hal/stm32f0_nano/stm32f0_hal_nano.c **** 	HAL_GPIO_WritePin(GPIOA, GPIO_PIN_7, SET);
 465              		.loc 1 118 1 is_stmt 0 view .LVU155
 466 0002 10B5     		push	{r4, lr}
 467              	.LCFI6:
 468              		.cfi_def_cfa_offset 8
 469              		.cfi_offset 4, -8
 470              		.cfi_offset 14, -4
 471              		.loc 1 119 2 view .LVU156
 472 0004 0122     		movs	r2, #1
 120:.././hal/stm32f0_nano/stm32f0_hal_nano.c **** }
 473              		.loc 1 120 1 view .LVU157
 474              		@ sp needed
 119:.././hal/stm32f0_nano/stm32f0_hal_nano.c **** 	HAL_GPIO_WritePin(GPIOA, GPIO_PIN_7, SET);
 475              		.loc 1 119 2 view .LVU158
 476 0006 8021     		movs	r1, #128
 477 0008 C005     		lsls	r0, r0, #23
 478 000a FFF7FEFF 		bl	HAL_GPIO_WritePin
 479              	.LVL12:
 480              		.loc 1 120 1 view .LVU159
 481 000e 10BD     		pop	{r4, pc}
 482              		.cfi_endproc
 483              	.LFE40:
 485              		.section	.text.trigger_low,"ax",%progbits
 486              		.align	1
 487              		.p2align 2,,3
 488              		.global	trigger_low
 489              		.syntax unified
 490              		.code	16
 491              		.thumb_func
 493              	trigger_low:
 494              	.LFB41:
 121:.././hal/stm32f0_nano/stm32f0_hal_nano.c **** 
 122:.././hal/stm32f0_nano/stm32f0_hal_nano.c **** void trigger_low(void)
 123:.././hal/stm32f0_nano/stm32f0_hal_nano.c **** {
 495              		.loc 1 123 1 is_stmt 1 view -0
 496              		.cfi_startproc
 497              		@ args = 0, pretend = 0, frame = 0
 498              		@ frame_needed = 0, uses_anonymous_args = 0
 124:.././hal/stm32f0_nano/stm32f0_hal_nano.c **** 	HAL_GPIO_WritePin(GPIOA, GPIO_PIN_7, RESET);
 499              		.loc 1 124 2 view .LVU161
 500 0000 9020     		movs	r0, #144
 123:.././hal/stm32f0_nano/stm32f0_hal_nano.c **** 	HAL_GPIO_WritePin(GPIOA, GPIO_PIN_7, RESET);
 501              		.loc 1 123 1 is_stmt 0 view .LVU162
 502 0002 10B5     		push	{r4, lr}
 503              	.LCFI7:
 504              		.cfi_def_cfa_offset 8
 505              		.cfi_offset 4, -8
 506              		.cfi_offset 14, -4
 507              		.loc 1 124 2 view .LVU163
 508 0004 0022     		movs	r2, #0
 125:.././hal/stm32f0_nano/stm32f0_hal_nano.c **** }   
 509              		.loc 1 125 1 view .LVU164
 510              		@ sp needed
 124:.././hal/stm32f0_nano/stm32f0_hal_nano.c **** 	HAL_GPIO_WritePin(GPIOA, GPIO_PIN_7, RESET);
 511              		.loc 1 124 2 view .LVU165
 512 0006 8021     		movs	r1, #128
 513 0008 C005     		lsls	r0, r0, #23
 514 000a FFF7FEFF 		bl	HAL_GPIO_WritePin
 515              	.LVL13:
 516              		.loc 1 125 1 view .LVU166
 517 000e 10BD     		pop	{r4, pc}
 518              		.cfi_endproc
 519              	.LFE41:
 521              		.section	.text.getch,"ax",%progbits
 522              		.align	1
 523              		.p2align 2,,3
 524              		.global	getch
 525              		.syntax unified
 526              		.code	16
 527              		.thumb_func
 529              	getch:
 530              	.LFB42:
 126:.././hal/stm32f0_nano/stm32f0_hal_nano.c **** 
 127:.././hal/stm32f0_nano/stm32f0_hal_nano.c **** char getch(void)
 128:.././hal/stm32f0_nano/stm32f0_hal_nano.c **** {
 531              		.loc 1 128 1 is_stmt 1 view -0
 532              		.cfi_startproc
 533              		@ args = 0, pretend = 0, frame = 8
 534              		@ frame_needed = 0, uses_anonymous_args = 0
 129:.././hal/stm32f0_nano/stm32f0_hal_nano.c **** 	uint8_t d;
 535              		.loc 1 129 2 view .LVU168
 130:.././hal/stm32f0_nano/stm32f0_hal_nano.c **** 	while(HAL_UART_Receive(&UartHandle, &d, 1, 50) != HAL_OK)
 536              		.loc 1 130 2 view .LVU169
 128:.././hal/stm32f0_nano/stm32f0_hal_nano.c **** 	uint8_t d;
 537              		.loc 1 128 1 is_stmt 0 view .LVU170
 538 0000 F0B5     		push	{r4, r5, r6, r7, lr}
 539              	.LCFI8:
 540              		.cfi_def_cfa_offset 20
 541              		.cfi_offset 4, -20
 542              		.cfi_offset 5, -16
 543              		.cfi_offset 6, -12
 544              		.cfi_offset 7, -8
 545              		.cfi_offset 14, -4
 546 0002 83B0     		sub	sp, sp, #12
 547              	.LCFI9:
 548              		.cfi_def_cfa_offset 32
 549 0004 6B46     		mov	r3, sp
 131:.././hal/stm32f0_nano/stm32f0_hal_nano.c **** 		USART1->ICR |= (1 << 3); // make sure overrun error is cleared, otherwise can stall here
 550              		.loc 1 131 15 view .LVU171
 551 0006 0827     		movs	r7, #8
 552 0008 084E     		ldr	r6, .L14
 553              		.loc 1 131 9 view .LVU172
 554 000a 094C     		ldr	r4, .L14+4
 555 000c DD1D     		adds	r5, r3, #7
 130:.././hal/stm32f0_nano/stm32f0_hal_nano.c **** 	while(HAL_UART_Receive(&UartHandle, &d, 1, 50) != HAL_OK)
 556              		.loc 1 130 7 view .LVU173
 557 000e 02E0     		b	.L12
 558              	.L13:
 559              		.loc 1 131 3 is_stmt 1 view .LVU174
 560              		.loc 1 131 9 is_stmt 0 view .LVU175
 561 0010 236A     		ldr	r3, [r4, #32]
 562              		.loc 1 131 15 view .LVU176
 563 0012 3B43     		orrs	r3, r7
 564 0014 2362     		str	r3, [r4, #32]
 565              	.L12:
 130:.././hal/stm32f0_nano/stm32f0_hal_nano.c **** 	while(HAL_UART_Receive(&UartHandle, &d, 1, 50) != HAL_OK)
 566              		.loc 1 130 49 is_stmt 1 view .LVU177
 130:.././hal/stm32f0_nano/stm32f0_hal_nano.c **** 	while(HAL_UART_Receive(&UartHandle, &d, 1, 50) != HAL_OK)
 567              		.loc 1 130 8 is_stmt 0 view .LVU178
 568 0016 3223     		movs	r3, #50
 569 0018 0122     		movs	r2, #1
 570 001a 2900     		movs	r1, r5
 571 001c 3000     		movs	r0, r6
 572 001e FFF7FEFF 		bl	HAL_UART_Receive
 573              	.LVL14:
 130:.././hal/stm32f0_nano/stm32f0_hal_nano.c **** 	while(HAL_UART_Receive(&UartHandle, &d, 1, 50) != HAL_OK)
 574              		.loc 1 130 49 discriminator 1 view .LVU179
 575 0022 0028     		cmp	r0, #0
 576 0024 F4D1     		bne	.L13
 132:.././hal/stm32f0_nano/stm32f0_hal_nano.c **** 	return d;
 577              		.loc 1 132 2 is_stmt 1 view .LVU180
 578              		.loc 1 132 9 is_stmt 0 view .LVU181
 579 0026 2878     		ldrb	r0, [r5]
 133:.././hal/stm32f0_nano/stm32f0_hal_nano.c **** }
 580              		.loc 1 133 1 view .LVU182
 581 0028 03B0     		add	sp, sp, #12
 582              		@ sp needed
 583 002a F0BD     		pop	{r4, r5, r6, r7, pc}
 584              	.L15:
 585              		.align	2
 586              	.L14:
 587 002c 00000000 		.word	.LANCHOR0
 588 0030 00380140 		.word	1073821696
 589              		.cfi_endproc
 590              	.LFE42:
 592              		.section	.text.putch,"ax",%progbits
 593              		.align	1
 594              		.p2align 2,,3
 595              		.global	putch
 596              		.syntax unified
 597              		.code	16
 598              		.thumb_func
 600              	putch:
 601              	.LVL15:
 602              	.LFB43:
 134:.././hal/stm32f0_nano/stm32f0_hal_nano.c **** 
 135:.././hal/stm32f0_nano/stm32f0_hal_nano.c **** void putch(char c)
 136:.././hal/stm32f0_nano/stm32f0_hal_nano.c **** {
 603              		.loc 1 136 1 is_stmt 1 view -0
 604              		.cfi_startproc
 605              		@ args = 0, pretend = 0, frame = 8
 606              		@ frame_needed = 0, uses_anonymous_args = 0
 137:.././hal/stm32f0_nano/stm32f0_hal_nano.c **** 	uint8_t d  = c;
 607              		.loc 1 137 2 view .LVU184
 136:.././hal/stm32f0_nano/stm32f0_hal_nano.c **** 	uint8_t d  = c;
 608              		.loc 1 136 1 is_stmt 0 view .LVU185
 609 0000 00B5     		push	{lr}
 610              	.LCFI10:
 611              		.cfi_def_cfa_offset 4
 612              		.cfi_offset 14, -4
 613 0002 83B0     		sub	sp, sp, #12
 614              	.LCFI11:
 615              		.cfi_def_cfa_offset 16
 616              		.loc 1 137 10 view .LVU186
 617 0004 6B46     		mov	r3, sp
 138:.././hal/stm32f0_nano/stm32f0_hal_nano.c **** 	HAL_UART_Transmit(&UartHandle,  &d, 1, 5000);
 618              		.loc 1 138 2 view .LVU187
 619 0006 0122     		movs	r2, #1
 137:.././hal/stm32f0_nano/stm32f0_hal_nano.c **** 	uint8_t d  = c;
 620              		.loc 1 137 10 view .LVU188
 621 0008 D91D     		adds	r1, r3, #7
 622 000a 0870     		strb	r0, [r1]
 623              		.loc 1 138 2 is_stmt 1 view .LVU189
 624 000c 024B     		ldr	r3, .L17
 625 000e 0348     		ldr	r0, .L17+4
 626              	.LVL16:
 627              		.loc 1 138 2 is_stmt 0 view .LVU190
 628 0010 FFF7FEFF 		bl	HAL_UART_Transmit
 629              	.LVL17:
 139:.././hal/stm32f0_nano/stm32f0_hal_nano.c **** }
 630              		.loc 1 139 1 view .LVU191
 631 0014 03B0     		add	sp, sp, #12
 632              		@ sp needed
 633 0016 00BD     		pop	{pc}
 634              	.L18:
 635              		.align	2
 636              	.L17:
 637 0018 88130000 		.word	5000
 638 001c 00000000 		.word	.LANCHOR0
 639              		.cfi_endproc
 640              	.LFE43:
 642              		.section	.text.led_error,"ax",%progbits
 643              		.align	1
 644              		.p2align 2,,3
 645              		.global	led_error
 646              		.syntax unified
 647              		.code	16
 648              		.thumb_func
 650              	led_error:
 651              	.LVL18:
 652              	.LFB44:
 140:.././hal/stm32f0_nano/stm32f0_hal_nano.c **** 
 141:.././hal/stm32f0_nano/stm32f0_hal_nano.c **** 
 142:.././hal/stm32f0_nano/stm32f0_hal_nano.c **** void led_error(unsigned int status)
 143:.././hal/stm32f0_nano/stm32f0_hal_nano.c **** {
 653              		.loc 1 143 1 is_stmt 1 view -0
 654              		.cfi_startproc
 655              		@ args = 0, pretend = 0, frame = 0
 656              		@ frame_needed = 0, uses_anonymous_args = 0
 144:.././hal/stm32f0_nano/stm32f0_hal_nano.c **** 	HAL_GPIO_WritePin(GPIOA, GPIO_PIN_4, status);
 657              		.loc 1 144 2 view .LVU193
 658 0000 C2B2     		uxtb	r2, r0
 659 0002 9020     		movs	r0, #144
 660              	.LVL19:
 143:.././hal/stm32f0_nano/stm32f0_hal_nano.c **** 	HAL_GPIO_WritePin(GPIOA, GPIO_PIN_4, status);
 661              		.loc 1 143 1 is_stmt 0 view .LVU194
 662 0004 10B5     		push	{r4, lr}
 663              	.LCFI12:
 664              		.cfi_def_cfa_offset 8
 665              		.cfi_offset 4, -8
 666              		.cfi_offset 14, -4
 667              		.loc 1 144 2 view .LVU195
 668 0006 1021     		movs	r1, #16
 145:.././hal/stm32f0_nano/stm32f0_hal_nano.c **** }
 669              		.loc 1 145 1 view .LVU196
 670              		@ sp needed
 144:.././hal/stm32f0_nano/stm32f0_hal_nano.c **** 	HAL_GPIO_WritePin(GPIOA, GPIO_PIN_4, status);
 671              		.loc 1 144 2 view .LVU197
 672 0008 C005     		lsls	r0, r0, #23
 673 000a FFF7FEFF 		bl	HAL_GPIO_WritePin
 674              	.LVL20:
 675              		.loc 1 145 1 view .LVU198
 676 000e 10BD     		pop	{r4, pc}
 677              		.cfi_endproc
 678              	.LFE44:
 680              		.section	.text.led_ok,"ax",%progbits
 681              		.align	1
 682              		.p2align 2,,3
 683              		.global	led_ok
 684              		.syntax unified
 685              		.code	16
 686              		.thumb_func
 688              	led_ok:
 689              	.LVL21:
 690              	.LFB45:
 146:.././hal/stm32f0_nano/stm32f0_hal_nano.c **** 
 147:.././hal/stm32f0_nano/stm32f0_hal_nano.c **** void led_ok(unsigned int status)
 148:.././hal/stm32f0_nano/stm32f0_hal_nano.c **** {
 691              		.loc 1 148 1 is_stmt 1 view -0
 692              		.cfi_startproc
 693              		@ args = 0, pretend = 0, frame = 0
 694              		@ frame_needed = 0, uses_anonymous_args = 0
 149:.././hal/stm32f0_nano/stm32f0_hal_nano.c **** 	HAL_GPIO_WritePin(GPIOA, GPIO_PIN_2, status);
 695              		.loc 1 149 2 view .LVU200
 696 0000 C2B2     		uxtb	r2, r0
 697 0002 9020     		movs	r0, #144
 698              	.LVL22:
 148:.././hal/stm32f0_nano/stm32f0_hal_nano.c **** 	HAL_GPIO_WritePin(GPIOA, GPIO_PIN_2, status);
 699              		.loc 1 148 1 is_stmt 0 view .LVU201
 700 0004 10B5     		push	{r4, lr}
 701              	.LCFI13:
 702              		.cfi_def_cfa_offset 8
 703              		.cfi_offset 4, -8
 704              		.cfi_offset 14, -4
 705              		.loc 1 149 2 view .LVU202
 706 0006 0421     		movs	r1, #4
 150:.././hal/stm32f0_nano/stm32f0_hal_nano.c **** }
 707              		.loc 1 150 1 view .LVU203
 708              		@ sp needed
 149:.././hal/stm32f0_nano/stm32f0_hal_nano.c **** 	HAL_GPIO_WritePin(GPIOA, GPIO_PIN_2, status);
 709              		.loc 1 149 2 view .LVU204
 710 0008 C005     		lsls	r0, r0, #23
 711 000a FFF7FEFF 		bl	HAL_GPIO_WritePin
 712              	.LVL23:
 713              		.loc 1 150 1 view .LVU205
 714 000e 10BD     		pop	{r4, pc}
 715              		.cfi_endproc
 716              	.LFE45:
 718              		.global	UartHandle
 719              		.bss
 720              		.align	2
 721              		.set	.LANCHOR0,. + 0
 724              	UartHandle:
 725 0000 00000000 		.space	112
 725      00000000 
 725      00000000 
 725      00000000 
 725      00000000 
 726              		.text
 727              	.Letext0:
 728              		.file 2 "/usr/lib/gcc/arm-none-eabi/13.2.1/include/stdint.h"
 729              		.file 3 ".././hal/stm32f0/CMSIS/device/stm32f030x6.h"
 730              		.file 4 ".././hal/stm32f0/CMSIS/device/stm32f0xx.h"
 731              		.file 5 ".././hal/stm32f0/stm32f0xx_hal_def.h"
 732              		.file 6 ".././hal/stm32f0/stm32f0xx_hal_rcc.h"
 733              		.file 7 ".././hal/stm32f0/stm32f0xx_hal_gpio.h"
 734              		.file 8 ".././hal/stm32f0/stm32f0xx_hal_dma.h"
 735              		.file 9 ".././hal/stm32f0/stm32f0xx_hal_uart.h"
DEFINED SYMBOLS
                            *ABS*:00000000 stm32f0_hal_nano.c
     /tmp/cc2ZfrJx.s:19     .text.platform_init:00000000 $t
     /tmp/cc2ZfrJx.s:26     .text.platform_init:00000000 platform_init
     /tmp/cc2ZfrJx.s:144    .text.init_uart:00000000 $t
     /tmp/cc2ZfrJx.s:151    .text.init_uart:00000000 init_uart
     /tmp/cc2ZfrJx.s:297    .text.init_uart:00000078 $d
     /tmp/cc2ZfrJx.s:304    .text.trigger_setup:00000000 $t
     /tmp/cc2ZfrJx.s:311    .text.trigger_setup:00000000 trigger_setup
     /tmp/cc2ZfrJx.s:445    .text.trigger_setup:00000080 $d
     /tmp/cc2ZfrJx.s:450    .text.trigger_high:00000000 $t
     /tmp/cc2ZfrJx.s:457    .text.trigger_high:00000000 trigger_high
     /tmp/cc2ZfrJx.s:486    .text.trigger_low:00000000 $t
     /tmp/cc2ZfrJx.s:493    .text.trigger_low:00000000 trigger_low
     /tmp/cc2ZfrJx.s:522    .text.getch:00000000 $t
     /tmp/cc2ZfrJx.s:529    .text.getch:00000000 getch
     /tmp/cc2ZfrJx.s:587    .text.getch:0000002c $d
     /tmp/cc2ZfrJx.s:593    .text.putch:00000000 $t
     /tmp/cc2ZfrJx.s:600    .text.putch:00000000 putch
     /tmp/cc2ZfrJx.s:637    .text.putch:00000018 $d
     /tmp/cc2ZfrJx.s:643    .text.led_error:00000000 $t
     /tmp/cc2ZfrJx.s:650    .text.led_error:00000000 led_error
     /tmp/cc2ZfrJx.s:681    .text.led_ok:00000000 $t
     /tmp/cc2ZfrJx.s:688    .text.led_ok:00000000 led_ok
     /tmp/cc2ZfrJx.s:724    .bss:00000000 UartHandle
     /tmp/cc2ZfrJx.s:720    .bss:00000000 $d

UNDEFINED SYMBOLS
HAL_GPIO_Init
HAL_RCC_OscConfig
HAL_RCC_ClockConfig
HAL_UART_Init
HAL_GPIO_WritePin
HAL_UART_Receive
HAL_UART_Transmit
